demo02/build/intermediates/manifest_merge_blame_file/debug/manifest-merger-blame-debug-report.txt
1<?xml version="1.0" encoding="utf-8"?>
2<manifest xmlns:android="http://schemas.android.com/apk/res/android"
3    xmlns:tools="http://schemas.android.com/tools"
4    package="com.beetech.kayak"
5    android:installLocation="preferExternal"
6    android:versionCode="1"
7    android:versionName="1.0" >
8
9    <uses-sdk
10        android:minSdkVersion="18"
10-->src\main\AndroidManifest.xml
11        android:targetSdkVersion="29" />
11-->src\main\AndroidManifest.xml
12
13    <supports-screens
13-->src\main\AndroidManifest.xml:3:3-163
14        android:anyDensity="true"
14-->src\main\AndroidManifest.xml:3:135-160
15        android:largeScreens="true"
15-->src\main\AndroidManifest.xml:3:78-105
16        android:normalScreens="true"
16-->src\main\AndroidManifest.xml:3:49-77
17        android:smallScreens="true"
17-->src\main\AndroidManifest.xml:3:21-48
18        android:xlargeScreens="true" />
18-->src\main\AndroidManifest.xml:3:106-134
19
20    <uses-feature android:glEsVersion="0x00020000" />
20-->src\main\AndroidManifest.xml:15:3-52
20-->src\main\AndroidManifest.xml:15:17-49
21
22    <uses-permission android:name="android.permission.CAMERA" />
22-->src\main\AndroidManifest.xml:16:3-63
22-->src\main\AndroidManifest.xml:16:20-60
23
24    <uses-feature
24-->src\main\AndroidManifest.xml:17:3-83
25        android:name="android.hardware.camera"
25-->src\main\AndroidManifest.xml:17:17-55
26        android:required="false" />
26-->src\main\AndroidManifest.xml:17:56-80
27    <uses-feature
27-->src\main\AndroidManifest.xml:18:3-93
28        android:name="android.hardware.camera.autofocus"
28-->src\main\AndroidManifest.xml:18:17-65
29        android:required="false" />
29-->src\main\AndroidManifest.xml:18:66-90
30    <uses-feature
30-->src\main\AndroidManifest.xml:19:3-89
31        android:name="android.hardware.camera.front"
31-->src\main\AndroidManifest.xml:19:17-61
32        android:required="false" />
32-->src\main\AndroidManifest.xml:19:62-86
33    <uses-feature
33-->src\main\AndroidManifest.xml:20:3-88
34        android:name="android.hardware.touchscreen"
34-->src\main\AndroidManifest.xml:20:17-60
35        android:required="false" />
35-->src\main\AndroidManifest.xml:20:61-85
36    <uses-feature
36-->src\main\AndroidManifest.xml:21:3-99
37        android:name="android.hardware.touchscreen.multitouch"
37-->src\main\AndroidManifest.xml:21:17-71
38        android:required="false" />
38-->src\main\AndroidManifest.xml:21:72-96
39    <uses-feature
39-->src\main\AndroidManifest.xml:22:3-108
40        android:name="android.hardware.touchscreen.multitouch.distinct"
40-->src\main\AndroidManifest.xml:22:17-80
41        android:required="false" />
41-->src\main\AndroidManifest.xml:22:81-105
42
43    <application>
43-->src\main\AndroidManifest.xml:4:3-14:17
44        <activity
44-->src\main\AndroidManifest.xml:5:5-9:16
45            android:name="com.beetech.kayak.UnityPlayerActivity"
45-->src\main\AndroidManifest.xml:5:337-389
46            android:configChanges="mcc|mnc|locale|touchscreen|keyboard|keyboardHidden|navigation|orientation|screenLayout|uiMode|screenSize|smallestScreenSize|fontScale|layoutDirection|density"
46-->src\main\AndroidManifest.xml:5:119-300
47            android:hardwareAccelerated="false"
47-->src\main\AndroidManifest.xml:5:301-336
48            android:label="@string/app_name"
48-->src\main\AndroidManifest.xml:5:15-47
49            android:launchMode="singleTask"
49-->src\main\AndroidManifest.xml:5:87-118
50            android:screenOrientation="fullSensor" >
50-->src\main\AndroidManifest.xml:5:48-86
51            <meta-data
51-->src\main\AndroidManifest.xml:7:7-82
52                android:name="unityplayer.UnityActivity"
52-->src\main\AndroidManifest.xml:7:18-58
53                android:value="true" />
53-->src\main\AndroidManifest.xml:7:59-79
54            <meta-data
54-->src\main\AndroidManifest.xml:8:7-78
55                android:name="android.notch_support"
55-->src\main\AndroidManifest.xml:8:18-54
56                android:value="true" />
56-->src\main\AndroidManifest.xml:8:55-75
57        </activity>
58
59        <meta-data
59-->src\main\AndroidManifest.xml:10:5-101
60            android:name="unity.build-id"
60-->src\main\AndroidManifest.xml:10:16-45
61            android:value="2191b8dd-44e8-4b64-8ef0-ae516b220576" />
61-->src\main\AndroidManifest.xml:10:46-98
62        <meta-data
62-->src\main\AndroidManifest.xml:11:5-69
63            android:name="unity.splash-mode"
63-->src\main\AndroidManifest.xml:11:16-48
64            android:value="0" />
64-->src\main\AndroidManifest.xml:11:49-66
65        <meta-data
65-->src\main\AndroidManifest.xml:12:5-74
66            android:name="unity.splash-enable"
66-->src\main\AndroidManifest.xml:12:16-50
67            android:value="True" />
67-->src\main\AndroidManifest.xml:12:51-71
68        <meta-data
68-->src\main\AndroidManifest.xml:13:5-81
69            android:name="notch.config"
69-->src\main\AndroidManifest.xml:13:16-43
70            android:value="portrait|landscape" />
70-->src\main\AndroidManifest.xml:13:44-78
71    </application>
72
73</manifest>